{"D:\\github\\Pruebas\\ElenaHrndz\\src\\App.vue": {"path":"D:\\github\\Pruebas\\ElenaHrndz\\src\\App.vue","statementMap":{"0":{"start":{"line":54,"column":0},"end":{"line":null,"column":-1}},"1":{"start":{"line":61,"column":0},"end":{"line":null,"column":-1}},"2":{"start":{"line":67,"column":0},"end":{"line":78,"column":0}},"3":{"start":{"line":84,"column":0},"end":{"line":null,"column":-1}}},"fnMap":{"0":{"name":"data","decl":{"start":{"line":60,"column":0},"end":{"line":null,"column":-1}},"loc":{"start":{"line":60,"column":0},"end":{"line":64,"column":0}}},"1":{"name":"menuItems","decl":{"start":{"line":66,"column":0},"end":{"line":null,"column":-1}},"loc":{"start":{"line":66,"column":0},"end":{"line":85,"column":0}}}},"branchMap":{},"s":{"0":0,"1":0,"2":0,"3":0},"f":{"0":0,"1":0},"b":{}}
,"D:\\github\\Pruebas\\ElenaHrndz\\src\\components\\Foot.vue": {"path":"D:\\github\\Pruebas\\ElenaHrndz\\src\\components\\Foot.vue","statementMap":{"0":{"start":{"line":16,"column":0},"end":{"line":null,"column":-1}}},"fnMap":{"0":{"name":"data","decl":{"start":{"line":15,"column":0},"end":{"line":null,"column":-1}},"loc":{"start":{"line":15,"column":0},"end":{"line":19,"column":0}}}},"branchMap":{},"s":{"0":0},"f":{"0":0},"b":{}}
,"D:\\github\\Pruebas\\ElenaHrndz\\src\\plugins\\vuetify.js": {"path":"D:\\github\\Pruebas\\ElenaHrndz\\src\\plugins\\vuetify.js","statementMap":{"0":{"start":{"line":1,"column":0},"end":{"line":null,"column":-1}},"1":{"start":{"line":2,"column":0},"end":{"line":null,"column":-1}},"2":{"start":{"line":5,"column":0},"end":{"line":null,"column":-1}}},"fnMap":{},"branchMap":{},"s":{"0":0,"1":0,"2":0},"f":{},"b":{}}
}
